<?xml version="1.0" encoding="UTF-8"?>
<testng-results ignored="0" total="1" passed="1" failed="0" skipped="0">
  <reporter-output>
  </reporter-output>
  <suite started-at="2022-08-08T08:50:26 CEST" name="Surefire suite" finished-at="2022-08-08T08:51:43 CEST" duration-ms="77113">
    <groups>
      <group name="cucumber">
        <method signature="AbstractTestNGCucumberTests.runScenario(io.cucumber.testng.PickleWrapper,io.cucumber.testng.FeatureWrapper)[pri:0, instance:cucumber.runner.TestNgTestRunner@47542153]" name="runScenario" class="io.cucumber.testng.AbstractTestNGCucumberTests"/>
      </group> <!-- cucumber -->
    </groups>
    <test started-at="2022-08-08T08:50:26 CEST" name="Surefire test" finished-at="2022-08-08T08:51:43 CEST" duration-ms="77113">
      <class name="cucumber.runner.TestNgTestRunner">
        <test-method is-config="true" signature="setUpClass(org.testng.ITestContext)[pri:0, instance:cucumber.runner.TestNgTestRunner@47542153]" started-at="2022-08-08T08:50:26 CEST" name="setUpClass" finished-at="2022-08-08T08:50:26 CEST" duration-ms="516" status="PASS">
          <params>
            <param index="0">
              <value>
                <![CDATA[org.testng.TestRunner@2c8a445b]]>
              </value>
            </param>
          </params>
          <reporter-output>
          </reporter-output>
        </test-method> <!-- setUpClass -->
        <test-method signature="runScenario(io.cucumber.testng.PickleWrapper,io.cucumber.testng.FeatureWrapper)[pri:0, instance:cucumber.runner.TestNgTestRunner@47542153]" started-at="2022-08-08T08:50:26 CEST" name="runScenario" description="Runs Cucumber Scenarios" data-provider="scenarios" finished-at="2022-08-08T08:51:42 CEST" duration-ms="76265" status="PASS">
          <params>
            <param index="0">
              <value>
                <![CDATA["Navigate to different departments and list the employees"]]>
              </value>
            </param>
            <param index="1">
              <value>
                <![CDATA["List cloudwise employees from 9 departments and find the duplicate names"]]>
              </value>
            </param>
          </params>
          <reporter-output>
          </reporter-output>
        </test-method> <!-- runScenario -->
        <test-method is-config="true" signature="tearDownClass()[pri:0, instance:cucumber.runner.TestNgTestRunner@47542153]" started-at="2022-08-08T08:51:42 CEST" name="tearDownClass" finished-at="2022-08-08T08:51:43 CEST" duration-ms="303" status="PASS">
          <reporter-output>
          </reporter-output>
        </test-method> <!-- tearDownClass -->
      </class> <!-- cucumber.runner.TestNgTestRunner -->
    </test> <!-- Surefire test -->
  </suite> <!-- Surefire suite -->
</testng-results>
