<?xml version="1.0" encoding="UTF-8"?>
<testsuite xmlns:xsi="http://www.w3.org/2001/XMLSchema-instance" xsi:noNamespaceSchemaLocation="https://maven.apache.org/surefire/maven-surefire-plugin/xsd/surefire-test-report-3.0.xsd" version="3.0" name="TestSuite" time="77.404" tests="1" errors="0" skipped="0" failures="0">
  <properties>
[...]
</properties>
  <testcase name="runScenario[&quot;Navigate to different departments and list the employees&quot;, &quot;List cloudwise employees from 9 departments and find the duplicate names&quot;](1)" classname="cucumber.runner.TestNgTestRunner" time="76.296">
    <system-out><![CDATA[Total Employees names:
Gertjan
Gijs
Huig
Ludo
Enrico
Hugo
Justin
Robert
Marco
Mats
Milan
Omar
Patrick
Randy
Raoul
Raymond
Anthony
Coen
Jasper
Jelle
Kees
Yaniek
Mark
Maslo
Momen
Querinus
Raishel
Rob
Roy
Sem
Stefan
Ivan
Jeffrey
Mats
Martijn
Mike
Wesley
Denny
Aafke
Bas
Bastiaan
Eric
Jamie
Jan
Jim
Jonathan
Leon
Marcel
Marco
Martijn
Nils
Remco
Rick
Tim
Chantal
Han
Joy
Steff
Talia
Vera
Anouk
Anouk
Hanneke
Mathijs
Sjoerd
Arne
Erik
Erwin
Frank
Herrie
Johan
Karthigai
Martijn
Tarik
Sanjeev
Sophie
Vincent
Wiggert
Thomas
Mandy
Gerben
Rohit
Erik Jeroen
Kim
Mariëlle
Rachel
Stephan
Manon
Dave
Davy
Giovanni
Jeffrey
Joey
Mark
Mark
Remko
Wesley
Duplicate names occuring two or more times: 
Marco
Wesley
Martijn
Mats
Mark
Anouk
Jeffrey
]]></system-out>
    <system-err><![CDATA[SLF4J: Failed to load class "org.slf4j.impl.StaticLoggerBinder".
SLF4J: Defaulting to no-operation (NOP) logger implementation
SLF4J: See http://www.slf4j.org/codes.html#StaticLoggerBinder for further details.
Starting ChromeDriver 103.0.5060.134 (8ec6fce403b3feb0869b0732eda8bd95011d333c-refs/branch-heads/5060@{#1262}) on port 57029
Only local connections are allowed.
Please see https://chromedriver.chromium.org/security-considerations for suggestions on keeping ChromeDriver safe.
ChromeDriver was started successfully.
Aug 08, 2022 8:50:29 AM org.openqa.selenium.remote.ProtocolHandshake createSession
INFO: Detected upstream dialect: W3C
Aug 08, 2022 8:50:29 AM org.openqa.selenium.devtools.CdpVersionFinder findNearestMatch
INFO: Found exact CDP implementation for version 103
]]></system-err>
  </testcase>
</testsuite>