<?xml version="1.0" encoding="UTF-8"?>
<testng-results ignored="0" total="1" passed="1" failed="0" skipped="0">
  <reporter-output>
  </reporter-output>
  <suite started-at="2022-08-08T08:40:56 CEST" name="Default suite" finished-at="2022-08-08T08:42:25 CEST" duration-ms="88971">
    <groups>
      <group name="cucumber">
        <method signature="AbstractTestNGCucumberTests.runScenario(io.cucumber.testng.PickleWrapper,io.cucumber.testng.FeatureWrapper)[pri:0, instance:cucumber.runner.TestNgTestRunner@55b699ef]" name="runScenario" class="io.cucumber.testng.AbstractTestNGCucumberTests"/>
      </group> <!-- cucumber -->
    </groups>
    <test started-at="2022-08-08T08:40:56 CEST" name="Default test" finished-at="2022-08-08T08:42:25 CEST" duration-ms="88971">
      <class name="cucumber.runner.TestNgTestRunner">
        <test-method is-config="true" signature="setUpClass(org.testng.ITestContext)[pri:0, instance:cucumber.runner.TestNgTestRunner@55b699ef]" started-at="2022-08-08T08:40:56 CEST" name="setUpClass" finished-at="2022-08-08T08:40:57 CEST" duration-ms="790" status="PASS">
          <params>
            <param index="0">
              <value>
                <![CDATA[org.testng.TestRunner@1377b1a0]]>
              </value>
            </param>
          </params>
          <reporter-output>
          </reporter-output>
        </test-method> <!-- setUpClass -->
        <test-method signature="runScenario(io.cucumber.testng.PickleWrapper,io.cucumber.testng.FeatureWrapper)[pri:0, instance:cucumber.runner.TestNgTestRunner@55b699ef]" started-at="2022-08-08T08:40:57 CEST" name="runScenario" description="Runs Cucumber Scenarios" data-provider="scenarios" finished-at="2022-08-08T08:42:24 CEST" duration-ms="87748" status="PASS">
          <params>
            <param index="0">
              <value>
                <![CDATA["Navigate to different departments and list the employees"]]>
              </value>
            </param>
            <param index="1">
              <value>
                <![CDATA["List cloudwise employees from 9 departments and find the duplicate names"]]>
              </value>
            </param>
          </params>
          <reporter-output>
          </reporter-output>
        </test-method> <!-- runScenario -->
        <test-method is-config="true" signature="tearDownClass()[pri:0, instance:cucumber.runner.TestNgTestRunner@55b699ef]" started-at="2022-08-08T08:42:24 CEST" name="tearDownClass" finished-at="2022-08-08T08:42:25 CEST" duration-ms="351" status="PASS">
          <reporter-output>
          </reporter-output>
        </test-method> <!-- tearDownClass -->
      </class> <!-- cucumber.runner.TestNgTestRunner -->
    </test> <!-- Default test -->
  </suite> <!-- Default suite -->
</testng-results>
